app/build/intermediates/manifest_merge_blame_file/debug/manifest-merger-blame-debug-report.txt
1<?xml version="1.0" encoding="utf-8"?>
2<manifest xmlns:android="http://schemas.android.com/apk/res/android"
3    package="com.cu.gastosmerchant1"
4    android:versionCode="38"
5    android:versionName="2.1.16" >
6
7    <uses-sdk
8        android:minSdkVersion="24"
8-->src\main\AndroidManifest.xml
9        android:targetSdkVersion="30" />
9-->src\main\AndroidManifest.xml
10    <!-- Permission for camera -->
11    <uses-permission android:name="android.permission.ACCESS_COARSE_LOCATION" />
11-->src\main\AndroidManifest.xml:6:5-81
11-->src\main\AndroidManifest.xml:6:22-78
12    <uses-permission android:name="android.permission.BROADCAST_CLOSE_SYSTEM_DIALOGS" />
12-->src\main\AndroidManifest.xml:7:5-9:47
12-->src\main\AndroidManifest.xml:8:9-73
13    <uses-permission android:name="android.permission.INTERNET" /> <!-- Permission to vibrate -->
13-->src\main\AndroidManifest.xml:10:5-67
13-->src\main\AndroidManifest.xml:10:22-64
14    <uses-permission android:name="android.permission.ACCESS_NETWORK_STATE" />
14-->src\main\AndroidManifest.xml:11:5-79
14-->src\main\AndroidManifest.xml:11:22-76
15    <uses-permission android:name="android.permission.CAMERA" />
15-->src\main\AndroidManifest.xml:12:5-65
15-->src\main\AndroidManifest.xml:12:22-62
16    <uses-permission android:name="android.permission.ACCESS_FINE_LOCATION" />
16-->src\main\AndroidManifest.xml:13:5-79
16-->src\main\AndroidManifest.xml:13:22-76
17    <uses-permission android:name="android.permission.ACCESS_WIFI_STATE" />
17-->src\main\AndroidManifest.xml:14:5-76
17-->src\main\AndroidManifest.xml:14:22-73
18    <uses-permission android:name="android.permission.CHANGE_WIFI_STATE" />
18-->src\main\AndroidManifest.xml:15:5-76
18-->src\main\AndroidManifest.xml:15:22-73
19    <uses-permission android:name="android.permission.VIBRATE" />
19-->src\main\AndroidManifest.xml:16:5-66
19-->src\main\AndroidManifest.xml:16:22-63
20    <uses-permission android:name="android.permission.WRITE_EXTERNAL_STORAGE" />
20-->src\main\AndroidManifest.xml:17:5-81
20-->src\main\AndroidManifest.xml:17:22-78
21    <uses-permission android:name="android.permission.READ_EXTERNAL_STORAGE" />
21-->src\main\AndroidManifest.xml:18:5-80
21-->src\main\AndroidManifest.xml:18:22-77
22    <uses-permission android:name="android.permission.CALL_PHONE" />
22-->src\main\AndroidManifest.xml:19:5-69
22-->src\main\AndroidManifest.xml:19:22-66
23    <uses-permission android:name="android.permission.READ_CONTACTS" />
23-->src\main\AndroidManifest.xml:20:5-72
23-->src\main\AndroidManifest.xml:20:22-69
24    <uses-permission android:name="android.permission.READ_PHONE_STATE" />
24-->src\main\AndroidManifest.xml:21:5-75
24-->src\main\AndroidManifest.xml:21:22-72
25
26    <queries>
26-->[com.paytm.appinvokesdk:appinvokesdk:1.6.6] AndroidManifest.xml:9:5-20:15
27
28        <!-- Specific apps you interact with, eg: -->
29        <package android:name="com.paytm.pgsdk.TransactionManager.PAYTM_APP_PACKAGE" />
29-->[com.paytm.appinvokesdk:appinvokesdk:1.6.6] AndroidManifest.xml:12:9-88
29-->[com.paytm.appinvokesdk:appinvokesdk:1.6.6] AndroidManifest.xml:12:18-85
30        <!--
31             Specific intents you query for,
32             eg: for a custom share UI
33        -->
34        <intent>
34-->[com.paytm.appinvokesdk:appinvokesdk:1.6.6] AndroidManifest.xml:17:9-19:18
35            <action android:name="android.intent.action.MAIN" />
35-->src\main\AndroidManifest.xml:149:17-69
35-->src\main\AndroidManifest.xml:149:25-66
36        </intent>
37        <!-- Query Camera Packages -->
38        <intent>
38-->[com.github.dhaval2404:imagepicker:2.1] AndroidManifest.xml:12:9-14:18
39            <action android:name="android.media.action.IMAGE_CAPTURE" />
39-->[com.github.dhaval2404:imagepicker:2.1] AndroidManifest.xml:13:13-73
39-->[com.github.dhaval2404:imagepicker:2.1] AndroidManifest.xml:13:21-70
40        </intent> <!-- Query Open Document -->
41        <intent>
41-->[com.github.dhaval2404:imagepicker:2.1] AndroidManifest.xml:16:9-18:18
42            <action android:name="android.intent.action.OPEN_DOCUMENT_TREE" />
42-->[com.github.dhaval2404:imagepicker:2.1] AndroidManifest.xml:17:13-79
42-->[com.github.dhaval2404:imagepicker:2.1] AndroidManifest.xml:17:21-76
43        </intent> <!-- View Intent for UPI apps -->
44        <intent>
44-->[dev.shreyaspatil.EasyUpiPayment:EasyUpiPayment:3.0.3] AndroidManifest.xml:12:9-16:18
45            <action android:name="android.intent.action.VIEW" />
45-->[dev.shreyaspatil.EasyUpiPayment:EasyUpiPayment:3.0.3] AndroidManifest.xml:13:13-65
45-->[dev.shreyaspatil.EasyUpiPayment:EasyUpiPayment:3.0.3] AndroidManifest.xml:13:21-62
46
47            <data android:scheme="upi" />
47-->[dev.shreyaspatil.EasyUpiPayment:EasyUpiPayment:3.0.3] AndroidManifest.xml:15:13-42
47-->[dev.shreyaspatil.EasyUpiPayment:EasyUpiPayment:3.0.3] AndroidManifest.xml:15:19-39
48        </intent> <!-- Chooser Intent for UPI apps -->
49        <intent>
49-->[dev.shreyaspatil.EasyUpiPayment:EasyUpiPayment:3.0.3] AndroidManifest.xml:19:9-23:18
50            <action android:name="android.intent.action.CHOOSER" />
50-->[dev.shreyaspatil.EasyUpiPayment:EasyUpiPayment:3.0.3] AndroidManifest.xml:20:13-68
50-->[dev.shreyaspatil.EasyUpiPayment:EasyUpiPayment:3.0.3] AndroidManifest.xml:20:21-65
51
52            <data android:scheme="upi" />
52-->[dev.shreyaspatil.EasyUpiPayment:EasyUpiPayment:3.0.3] AndroidManifest.xml:15:13-42
52-->[dev.shreyaspatil.EasyUpiPayment:EasyUpiPayment:3.0.3] AndroidManifest.xml:15:19-39
53        </intent> <!-- Package Specific UPI Apps -->
54        <package android:name="in.amazon.mShop.android.shopping" />
54-->[dev.shreyaspatil.EasyUpiPayment:EasyUpiPayment:3.0.3] AndroidManifest.xml:26:9-68
54-->[dev.shreyaspatil.EasyUpiPayment:EasyUpiPayment:3.0.3] AndroidManifest.xml:26:18-65
55        <package android:name="in.org.npci.upiapp" />
55-->[dev.shreyaspatil.EasyUpiPayment:EasyUpiPayment:3.0.3] AndroidManifest.xml:27:9-54
55-->[dev.shreyaspatil.EasyUpiPayment:EasyUpiPayment:3.0.3] AndroidManifest.xml:27:18-51
56        <package android:name="com.google.android.apps.nbu.paisa.user" />
56-->[dev.shreyaspatil.EasyUpiPayment:EasyUpiPayment:3.0.3] AndroidManifest.xml:28:9-74
56-->[dev.shreyaspatil.EasyUpiPayment:EasyUpiPayment:3.0.3] AndroidManifest.xml:28:18-71
57        <package android:name="com.phonepe.app" />
57-->[dev.shreyaspatil.EasyUpiPayment:EasyUpiPayment:3.0.3] AndroidManifest.xml:29:9-51
57-->[dev.shreyaspatil.EasyUpiPayment:EasyUpiPayment:3.0.3] AndroidManifest.xml:29:18-48
58        <package android:name="net.one97.paytm" /> <!-- Needs to be explicitly declared on Android R+ -->
58-->[dev.shreyaspatil.EasyUpiPayment:EasyUpiPayment:3.0.3] AndroidManifest.xml:30:9-51
58-->[dev.shreyaspatil.EasyUpiPayment:EasyUpiPayment:3.0.3] AndroidManifest.xml:30:18-48
59        <package android:name="com.google.android.apps.maps" />
59-->[com.google.android.gms:play-services-maps:18.0.2] AndroidManifest.xml:33:9-64
59-->[com.google.android.gms:play-services-maps:18.0.2] AndroidManifest.xml:33:18-61
60
61        <intent>
61-->[com.cashfree.pg:core:1.0.0] AndroidManifest.xml:14:9-20:18
62            <action android:name="android.intent.action.VIEW" />
62-->[dev.shreyaspatil.EasyUpiPayment:EasyUpiPayment:3.0.3] AndroidManifest.xml:13:13-65
62-->[dev.shreyaspatil.EasyUpiPayment:EasyUpiPayment:3.0.3] AndroidManifest.xml:13:21-62
63
64            <data
64-->[dev.shreyaspatil.EasyUpiPayment:EasyUpiPayment:3.0.3] AndroidManifest.xml:15:13-42
65                android:host="pay"
66                android:scheme="upi" />
66-->[dev.shreyaspatil.EasyUpiPayment:EasyUpiPayment:3.0.3] AndroidManifest.xml:15:19-39
67        </intent>
68
69        <package android:name="com.android.chrome" />
69-->[com.cashfree.pg:core:1.0.0] AndroidManifest.xml:22:9-54
69-->[com.cashfree.pg:core:1.0.0] AndroidManifest.xml:22:18-51
70    </queries>
71
72    <uses-permission android:name="android.permission.WAKE_LOCK" /> <!-- Don't require camera, as this requires a rear camera. This allows it to work on the Nexus 7 -->
72-->[com.paytm.easypay:easypay-appinvoke:1.7.4] AndroidManifest.xml:11:5-68
72-->[com.paytm.easypay:easypay-appinvoke:1.7.4] AndroidManifest.xml:11:22-65
73    <uses-feature
73-->[com.journeyapps:zxing-android-embedded:4.1.0] AndroidManifest.xml:25:5-27:36
74        android:name="android.hardware.camera"
74-->[com.journeyapps:zxing-android-embedded:4.1.0] AndroidManifest.xml:26:9-47
75        android:required="false" />
75-->[com.journeyapps:zxing-android-embedded:4.1.0] AndroidManifest.xml:27:9-33
76    <uses-feature
76-->[com.journeyapps:zxing-android-embedded:4.1.0] AndroidManifest.xml:28:5-30:36
77        android:name="android.hardware.camera.front"
77-->[com.journeyapps:zxing-android-embedded:4.1.0] AndroidManifest.xml:29:9-53
78        android:required="false" /> <!-- TODO replace above two with next line after Android 4.2 -->
78-->[com.journeyapps:zxing-android-embedded:4.1.0] AndroidManifest.xml:30:9-33
79    <!-- <uses-feature android:name="android.hardware.camera.any"/> -->
80    <uses-feature
80-->[com.journeyapps:zxing-android-embedded:4.1.0] AndroidManifest.xml:33:5-35:36
81        android:name="android.hardware.camera.autofocus"
81-->[com.journeyapps:zxing-android-embedded:4.1.0] AndroidManifest.xml:34:9-57
82        android:required="false" />
82-->[com.journeyapps:zxing-android-embedded:4.1.0] AndroidManifest.xml:35:9-33
83    <uses-feature
83-->[com.journeyapps:zxing-android-embedded:4.1.0] AndroidManifest.xml:36:5-38:36
84        android:name="android.hardware.camera.flash"
84-->[com.journeyapps:zxing-android-embedded:4.1.0] AndroidManifest.xml:37:9-53
85        android:required="false" />
85-->[com.journeyapps:zxing-android-embedded:4.1.0] AndroidManifest.xml:38:9-33
86    <uses-feature
86-->[com.journeyapps:zxing-android-embedded:4.1.0] AndroidManifest.xml:39:5-41:36
87        android:name="android.hardware.screen.landscape"
87-->[com.journeyapps:zxing-android-embedded:4.1.0] AndroidManifest.xml:40:9-57
88        android:required="false" />
88-->[com.journeyapps:zxing-android-embedded:4.1.0] AndroidManifest.xml:41:9-33
89    <uses-feature
89-->[com.journeyapps:zxing-android-embedded:4.1.0] AndroidManifest.xml:42:5-44:36
90        android:name="android.hardware.wifi"
90-->[com.journeyapps:zxing-android-embedded:4.1.0] AndroidManifest.xml:43:9-45
91        android:required="false" /> <!-- Required by older versions of Google Play services to create IID tokens -->
91-->[com.journeyapps:zxing-android-embedded:4.1.0] AndroidManifest.xml:44:9-33
92    <uses-permission android:name="com.google.android.c2dm.permission.RECEIVE" />
92-->[com.google.firebase:firebase-messaging:23.0.0] AndroidManifest.xml:25:5-82
92-->[com.google.firebase:firebase-messaging:23.0.0] AndroidManifest.xml:25:22-79
93
94    <uses-feature
94-->[com.google.android.gms:play-services-maps:18.0.2] AndroidManifest.xml:26:5-28:35
95        android:glEsVersion="0x00020000"
95-->[com.google.android.gms:play-services-maps:18.0.2] AndroidManifest.xml:27:9-41
96        android:required="true" />
96-->[com.google.android.gms:play-services-maps:18.0.2] AndroidManifest.xml:28:9-32
97
98    <application
98-->src\main\AndroidManifest.xml:23:5-191:19
99        android:allowBackup="true"
99-->src\main\AndroidManifest.xml:24:9-35
100        android:appComponentFactory="androidx.core.app.CoreComponentFactory"
100-->[androidx.core:core:1.7.0] AndroidManifest.xml:24:18-86
101        android:debuggable="true"
102        android:extractNativeLibs="false"
103        android:icon="@mipmap/ic_launcher"
103-->src\main\AndroidManifest.xml:25:9-43
104        android:label="Gastos Provider"
104-->src\main\AndroidManifest.xml:26:9-40
105        android:roundIcon="@mipmap/ic_launcher_round"
105-->src\main\AndroidManifest.xml:27:9-54
106        android:supportsRtl="true"
106-->src\main\AndroidManifest.xml:28:9-35
107        android:testOnly="true"
108        android:theme="@style/Theme.AppCompat.Light.NoActionBar"
108-->src\main\AndroidManifest.xml:29:9-65
109        android:usesCleartextTraffic="true" >
109-->src\main\AndroidManifest.xml:30:9-44
110        <activity
110-->src\main\AndroidManifest.xml:31:9-33:40
111            android:name="com.cu.gastosmerchant1.Dashboard.pay_screen"
111-->src\main\AndroidManifest.xml:32:13-49
112            android:exported="false" />
112-->src\main\AndroidManifest.xml:33:13-37
113        <activity
113-->src\main\AndroidManifest.xml:34:9-36:40
114            android:name="com.cu.gastosmerchant1.Dashboard.membership.Bill_payment"
114-->src\main\AndroidManifest.xml:35:13-62
115            android:exported="false" />
115-->src\main\AndroidManifest.xml:36:13-37
116        <activity
116-->src\main\AndroidManifest.xml:37:9-39:40
117            android:name="com.cu.gastosmerchant1.Dashboard.membership.membership"
117-->src\main\AndroidManifest.xml:38:13-60
118            android:exported="false" />
118-->src\main\AndroidManifest.xml:39:13-37
119        <activity
119-->src\main\AndroidManifest.xml:40:9-42:39
120            android:name="com.cu.gastosmerchant1.Dashboard.membership.membership_status"
120-->src\main\AndroidManifest.xml:41:13-67
121            android:exported="false" />
121-->src\main\AndroidManifest.xml:42:13-37
122        <activity
122-->src\main\AndroidManifest.xml:43:9-45:40
123            android:name="com.cu.gastosmerchant1.registration.onboarded"
123-->src\main\AndroidManifest.xml:44:13-51
124            android:exported="false" />
124-->src\main\AndroidManifest.xml:45:13-37
125        <activity
125-->src\main\AndroidManifest.xml:46:9-48:40
126            android:name="com.cu.gastosmerchant1.settings.payment_status"
126-->src\main\AndroidManifest.xml:47:13-52
127            android:exported="false" />
127-->src\main\AndroidManifest.xml:48:13-37
128        <activity
128-->src\main\AndroidManifest.xml:49:9-51:40
129            android:name="com.cu.gastosmerchant1.settings.confirmation"
129-->src\main\AndroidManifest.xml:50:13-50
130            android:exported="false" />
130-->src\main\AndroidManifest.xml:51:13-37
131        <activity
131-->src\main\AndroidManifest.xml:52:9-54:40
132            android:name="com.cu.gastosmerchant1.settings.postAds.demo_message"
132-->src\main\AndroidManifest.xml:53:13-58
133            android:exported="false" />
133-->src\main\AndroidManifest.xml:54:13-37
134        <activity
134-->src\main\AndroidManifest.xml:55:9-57:40
135            android:name="com.cu.gastosmerchant1.settings.postAds.ad_payment"
135-->src\main\AndroidManifest.xml:56:13-56
136            android:exported="false" />
136-->src\main\AndroidManifest.xml:57:13-37
137        <activity
137-->src\main\AndroidManifest.xml:58:9-60:40
138            android:name="com.cu.gastosmerchant1.settings.postAds.budget"
138-->src\main\AndroidManifest.xml:59:13-52
139            android:exported="false" />
139-->src\main\AndroidManifest.xml:60:13-37
140        <activity
140-->src\main\AndroidManifest.xml:61:9-63:40
141            android:name="com.cu.gastosmerchant1.settings.postAds.post_audience"
141-->src\main\AndroidManifest.xml:62:13-59
142            android:exported="false" />
142-->src\main\AndroidManifest.xml:63:13-37
143        <activity
143-->src\main\AndroidManifest.xml:64:9-66:40
144            android:name="com.cu.gastosmerchant1.Ad_content"
144-->src\main\AndroidManifest.xml:65:13-39
145            android:exported="false" />
145-->src\main\AndroidManifest.xml:66:13-37
146        <activity
146-->src\main\AndroidManifest.xml:67:9-69:39
147            android:name="com.cu.gastosmerchant1.registration.CashFree_Activity"
147-->src\main\AndroidManifest.xml:68:13-59
148            android:exported="true" />
148-->src\main\AndroidManifest.xml:69:13-36
149        <activity
149-->src\main\AndroidManifest.xml:70:9-72:40
150            android:name="com.cu.gastosmerchant1.wallet.BrandingWallet"
150-->src\main\AndroidManifest.xml:71:13-50
151            android:exported="false" />
151-->src\main\AndroidManifest.xml:72:13-37
152        <activity
152-->src\main\AndroidManifest.xml:73:9-75:40
153            android:name="com.cu.gastosmerchant1.wallet.ProviderWallet"
153-->src\main\AndroidManifest.xml:74:13-50
154            android:exported="false" />
154-->src\main\AndroidManifest.xml:75:13-37
155        <activity
155-->src\main\AndroidManifest.xml:76:9-78:40
156            android:name="com.cu.gastosmerchant1.settings.PrivacyPolicyWeb"
156-->src\main\AndroidManifest.xml:77:13-54
157            android:exported="false" />
157-->src\main\AndroidManifest.xml:78:13-37
158        <activity
158-->src\main\AndroidManifest.xml:79:9-81:40
159            android:name="com.cu.gastosmerchant1.settings.ManageAds"
159-->src\main\AndroidManifest.xml:80:13-47
160            android:exported="false" />
160-->src\main\AndroidManifest.xml:81:13-37
161        <activity
161-->src\main\AndroidManifest.xml:82:9-84:40
162            android:name="com.cu.gastosmerchant1.settings.ReferAndEarn"
162-->src\main\AndroidManifest.xml:83:13-50
163            android:exported="false" />
163-->src\main\AndroidManifest.xml:84:13-37
164        <activity
164-->src\main\AndroidManifest.xml:85:9-87:40
165            android:name="com.cu.gastosmerchant1.settings.ManageDesign"
165-->src\main\AndroidManifest.xml:86:13-50
166            android:exported="false" />
166-->src\main\AndroidManifest.xml:87:13-37
167        <activity
167-->src\main\AndroidManifest.xml:88:9-90:40
168            android:name="com.cu.gastosmerchant1.settings.RequestDesign"
168-->src\main\AndroidManifest.xml:89:13-51
169            android:exported="false" />
169-->src\main\AndroidManifest.xml:90:13-37
170        <activity
170-->src\main\AndroidManifest.xml:91:9-93:40
171            android:name="com.cu.gastosmerchant1.Dashboard.GenerateQrActivity"
171-->src\main\AndroidManifest.xml:92:13-57
172            android:exported="false" />
172-->src\main\AndroidManifest.xml:93:13-37
173        <activity
173-->src\main\AndroidManifest.xml:94:9-96:39
174            android:name="com.cu.gastosmerchant1.settings.PostAds"
174-->src\main\AndroidManifest.xml:95:13-45
175            android:exported="true" />
175-->src\main\AndroidManifest.xml:96:13-36
176        <activity
176-->src\main\AndroidManifest.xml:97:9-99:40
177            android:name="com.cu.gastosmerchant1.PaymentStatus"
177-->src\main\AndroidManifest.xml:98:13-42
178            android:exported="false" />
178-->src\main\AndroidManifest.xml:99:13-37
179        <activity
179-->src\main\AndroidManifest.xml:100:9-102:40
180            android:name="com.cu.gastosmerchant1.selectPackage.selectPackage"
180-->src\main\AndroidManifest.xml:101:13-56
181            android:exported="false" />
181-->src\main\AndroidManifest.xml:102:13-37
182        <activity
182-->src\main\AndroidManifest.xml:103:9-105:55
183            android:name="com.cu.gastosmerchant1.registration.paymentActivity"
183-->src\main\AndroidManifest.xml:104:13-57
184            android:windowSoftInputMode="adjustPan" />
184-->src\main\AndroidManifest.xml:105:13-52
185        <!--
186        <activity
187            android:name="com.paytm.pgsdk.PaytmPGActivity"
188            android:configChanges="keyboardHidden|orientation|keyboard"
189            android:screenOrientation="portrait"
190            android:theme="@style/Theme.AppCompat"
191            tools:replace="android:theme"
192            />
193        -->
194        <activity
194-->src\main\AndroidManifest.xml:115:9-118:52
195            android:name="com.paytm.pgsdk.PaytmPGActivity"
195-->src\main\AndroidManifest.xml:116:13-59
196            android:configChanges="keyboardHidden|orientation|keyboard"
196-->src\main\AndroidManifest.xml:117:13-72
197            android:screenOrientation="portrait"
197-->src\main\AndroidManifest.xml:118:13-49
198            android:theme="@style/Theme.AppCompat.NoActionBar" />
198-->[com.paytm.appinvokesdk:appinvokesdk:1.6.6] AndroidManifest.xml:26:13-63
199        <activity
199-->src\main\AndroidManifest.xml:119:9-121:55
200            android:name="com.cu.gastosmerchant1.registration.RegistrationPayActivity"
200-->src\main\AndroidManifest.xml:120:13-65
201            android:windowSoftInputMode="adjustPan" />
201-->src\main\AndroidManifest.xml:121:13-52
202        <activity
202-->src\main\AndroidManifest.xml:122:9-124:40
203            android:name="com.cu.gastosmerchant1.registration.UserAgreement"
203-->src\main\AndroidManifest.xml:123:13-55
204            android:exported="false" />
204-->src\main\AndroidManifest.xml:124:13-37
205        <activity android:name="com.cu.gastosmerchant1.settings.ProviderWallet" />
205-->src\main\AndroidManifest.xml:125:9-61
205-->src\main\AndroidManifest.xml:125:19-58
206        <activity android:name="com.cu.gastosmerchant1.registration.RegistrationPaymentActivity" />
206-->src\main\AndroidManifest.xml:126:9-78
206-->src\main\AndroidManifest.xml:126:19-75
207        <activity
207-->src\main\AndroidManifest.xml:127:9-129:39
208            android:name="com.cu.gastosmerchant1.upiparse.QRScannerActivity"
208-->src\main\AndroidManifest.xml:128:13-55
209            android:exported="true" />
209-->src\main\AndroidManifest.xml:129:13-36
210        <activity android:name="com.cu.gastosmerchant1.pymtdialog" />
210-->src\main\AndroidManifest.xml:130:9-48
210-->src\main\AndroidManifest.xml:130:19-45
211        <activity android:name="com.cu.gastosmerchant1.Dashboard.pymt_info" />
211-->src\main\AndroidManifest.xml:131:9-57
211-->src\main\AndroidManifest.xml:131:19-54
212        <activity android:name="com.cu.gastosmerchant1.recvd_paymt" />
212-->src\main\AndroidManifest.xml:132:9-49
212-->src\main\AndroidManifest.xml:132:19-46
213        <activity android:name="com.cu.gastosmerchant1.Settings" />
213-->src\main\AndroidManifest.xml:133:9-46
213-->src\main\AndroidManifest.xml:133:19-43
214        <activity android:name="com.cu.gastosmerchant1.shop_setting" />
214-->src\main\AndroidManifest.xml:134:9-50
214-->src\main\AndroidManifest.xml:134:19-47
215        <activity android:name="com.cu.gastosmerchant1.settings.acc_settings" />
215-->src\main\AndroidManifest.xml:135:9-59
215-->src\main\AndroidManifest.xml:135:19-56
216        <activity android:name="com.cu.gastosmerchant1.help_centre" />
216-->src\main\AndroidManifest.xml:136:9-49
216-->src\main\AndroidManifest.xml:136:19-46
217        <activity android:name="com.cu.gastosmerchant1.report_problem" />
217-->src\main\AndroidManifest.xml:137:9-52
217-->src\main\AndroidManifest.xml:137:19-49
218        <activity android:name="com.cu.gastosmerchant1.settings.TermsOfService" />
218-->src\main\AndroidManifest.xml:138:9-61
218-->src\main\AndroidManifest.xml:138:19-58
219        <activity android:name="com.cu.gastosmerchant1.contact_us" />
219-->src\main\AndroidManifest.xml:139:9-48
219-->src\main\AndroidManifest.xml:139:19-45
220        <activity android:name="com.cu.gastosmerchant1.about_us" />
220-->src\main\AndroidManifest.xml:140:9-46
220-->src\main\AndroidManifest.xml:140:19-43
221        <activity
221-->src\main\AndroidManifest.xml:141:9-143:40
222            android:name="com.cu.gastosmerchant1.Dashboard.Home"
222-->src\main\AndroidManifest.xml:142:13-43
223            android:exported="false" />
223-->src\main\AndroidManifest.xml:143:13-37
224        <activity
224-->src\main\AndroidManifest.xml:144:9-153:20
225            android:name="com.cu.gastosmerchant1.UpiPaymentUtils"
225-->src\main\AndroidManifest.xml:145:13-44
226            android:exported="true"
226-->src\main\AndroidManifest.xml:146:13-36
227            android:theme="@style/SplashTheme" >
227-->src\main\AndroidManifest.xml:147:13-47
228            <intent-filter>
228-->src\main\AndroidManifest.xml:148:13-152:29
229                <action android:name="android.intent.action.MAIN" />
229-->src\main\AndroidManifest.xml:149:17-69
229-->src\main\AndroidManifest.xml:149:25-66
230
231                <category android:name="android.intent.category.LAUNCHER" />
231-->src\main\AndroidManifest.xml:151:17-77
231-->src\main\AndroidManifest.xml:151:27-74
232            </intent-filter>
233        </activity>
234        <activity
234-->src\main\AndroidManifest.xml:154:9-156:40
235            android:name="com.cu.gastosmerchant1.registration.AddQR"
235-->src\main\AndroidManifest.xml:155:13-47
236            android:exported="false" />
236-->src\main\AndroidManifest.xml:156:13-37
237        <activity
237-->src\main\AndroidManifest.xml:157:9-159:40
238            android:name="com.cu.gastosmerchant1.registration.Commission"
238-->src\main\AndroidManifest.xml:158:13-52
239            android:exported="false" />
239-->src\main\AndroidManifest.xml:159:13-37
240        <activity
240-->src\main\AndroidManifest.xml:160:9-162:40
241            android:name="com.cu.gastosmerchant1.registration.BasicDetails"
241-->src\main\AndroidManifest.xml:161:13-54
242            android:exported="false" />
242-->src\main\AndroidManifest.xml:162:13-37
243        <activity
243-->src\main\AndroidManifest.xml:163:9-165:40
244            android:name="com.cu.gastosmerchant1.registration.setpin"
244-->src\main\AndroidManifest.xml:164:13-48
245            android:exported="false" />
245-->src\main\AndroidManifest.xml:165:13-37
246        <activity
246-->src\main\AndroidManifest.xml:166:9-168:52
247            android:name="com.cu.gastosmerchant1.registration.PhoneAuthentication"
247-->src\main\AndroidManifest.xml:167:13-61
248            android:screenOrientation="portrait" />
248-->src\main\AndroidManifest.xml:168:13-49
249        <activity
249-->src\main\AndroidManifest.xml:169:9-171:52
250            android:name="com.cu.gastosmerchant1.registration.Getotp_activity"
250-->src\main\AndroidManifest.xml:170:13-57
251            android:screenOrientation="portrait" />
251-->src\main\AndroidManifest.xml:171:13-49
252        <activity
252-->src\main\AndroidManifest.xml:172:9-176:72
253            android:name="com.yalantis.ucrop.UCropActivity"
253-->src\main\AndroidManifest.xml:173:13-60
254            android:configChanges="orientation"
254-->src\main\AndroidManifest.xml:174:13-48
255            android:screenOrientation="portrait"
255-->src\main\AndroidManifest.xml:175:13-49
256            android:theme="@style/Theme.AppCompat.Light.NoActionBar" />
256-->src\main\AndroidManifest.xml:176:13-69
257
258        <provider
259            android:name="androidx.core.content.FileProvider"
259-->src\main\AndroidManifest.xml:179:13-62
260            android:authorities="com.cu.gastosmerchant1.provider"
260-->src\main\AndroidManifest.xml:180:13-60
261            android:exported="false"
261-->src\main\AndroidManifest.xml:181:13-37
262            android:grantUriPermissions="true" >
262-->src\main\AndroidManifest.xml:182:13-47
263            <meta-data
263-->src\main\AndroidManifest.xml:183:13-185:57
264                android:name="android.support.FILE_PROVIDER_PATHS"
264-->src\main\AndroidManifest.xml:184:17-67
265                android:resource="@xml/file_provider" />
265-->src\main\AndroidManifest.xml:185:17-54
266        </provider>
267
268        <meta-data
268-->src\main\AndroidManifest.xml:188:9-190:57
269            android:name="preloaded_fonts"
269-->src\main\AndroidManifest.xml:189:13-43
270            android:resource="@array/preloaded_fonts" />
270-->src\main\AndroidManifest.xml:190:13-54
271
272        <activity
272-->[com.paytm.appinvokesdk:appinvokesdk:1.6.6] AndroidManifest.xml:27:9-29:63
273            android:name="com.paytm.pgsdk.AioMatchUserActivity"
273-->[com.paytm.appinvokesdk:appinvokesdk:1.6.6] AndroidManifest.xml:28:13-64
274            android:theme="@style/TransparentActivityTheme" />
274-->[com.paytm.appinvokesdk:appinvokesdk:1.6.6] AndroidManifest.xml:29:13-60
275
276        <service
276-->[com.paytm.appinvokesdk:appinvokesdk:1.6.6] AndroidManifest.xml:31:9-33:40
277            android:name="com.paytm.pgsdk.IntentServicePostNotification"
277-->[com.paytm.appinvokesdk:appinvokesdk:1.6.6] AndroidManifest.xml:32:13-73
278            android:exported="false" />
278-->[com.paytm.appinvokesdk:appinvokesdk:1.6.6] AndroidManifest.xml:33:13-37
279        <service
279-->[com.paytm.appinvokesdk:appinvokesdk:1.6.6] AndroidManifest.xml:34:9-36:40
280            android:name="com.paytm.pgsdk.IntentServicePreNotification"
280-->[com.paytm.appinvokesdk:appinvokesdk:1.6.6] AndroidManifest.xml:35:13-72
281            android:exported="false" />
281-->[com.paytm.appinvokesdk:appinvokesdk:1.6.6] AndroidManifest.xml:36:13-37
282        <service
282-->[com.paytm.easypay:easypay-appinvoke:1.7.4] AndroidManifest.xml:14:9-17:72
283            android:name="easypay.appinvoke.utils.EasyPayConfigDownloader"
283-->[com.paytm.easypay:easypay-appinvoke:1.7.4] AndroidManifest.xml:15:13-75
284            android:exported="false"
284-->[com.paytm.easypay:easypay-appinvoke:1.7.4] AndroidManifest.xml:16:13-37
285            android:permission="android.permission.BIND_JOB_SERVICE" />
285-->[com.paytm.easypay:easypay-appinvoke:1.7.4] AndroidManifest.xml:17:13-69
286        <service
286-->[com.paytm.easypay:easypay-appinvoke:1.7.4] AndroidManifest.xml:18:9-22:72
287            android:name="easypay.appinvoke.utils.AnalyticsService"
287-->[com.paytm.easypay:easypay-appinvoke:1.7.4] AndroidManifest.xml:19:13-68
288            android:enabled="true"
288-->[com.paytm.easypay:easypay-appinvoke:1.7.4] AndroidManifest.xml:20:13-35
289            android:exported="false"
289-->[com.paytm.easypay:easypay-appinvoke:1.7.4] AndroidManifest.xml:21:13-37
290            android:permission="android.permission.BIND_JOB_SERVICE" />
290-->[com.paytm.easypay:easypay-appinvoke:1.7.4] AndroidManifest.xml:22:13-69
291
292        <activity android:name="easypay.appinvoke.AnalyticsManagerInfoDisplayActivity" />
292-->[com.paytm.easypay:easypay-appinvoke:1.7.4] AndroidManifest.xml:24:9-90
292-->[com.paytm.easypay:easypay-appinvoke:1.7.4] AndroidManifest.xml:24:19-87
293
294        <provider